Arguments: 
  /usr/local/bin/node /usr/local/bin/yarn add @types/lodas

PATH: 
  /Library/Frameworks/Python.framework/Versions/3.10/bin:/usr/local/bin:/usr/bin:/bin:/usr/sbin:/sbin:/Library/Frameworks/Python.framework/Versions/3.10/bin

Yarn version: 
  1.22.10

Node version: 
  16.3.0

Platform: 
  darwin x64

Trace: 
  Error: http://mvn.senses-ai.com:8081/repository/npm-group/@types%2flodas: Not found
      at Request.params.callback [as _callback] (/usr/local/lib/node_modules/yarn/lib/cli.js:66988:18)
      at Request.self.callback (/usr/local/lib/node_modules/yarn/lib/cli.js:140662:22)
      at Request.emit (node:events:394:28)
      at Request.<anonymous> (/usr/local/lib/node_modules/yarn/lib/cli.js:141634:10)
      at Request.emit (node:events:394:28)
      at IncomingMessage.<anonymous> (/usr/local/lib/node_modules/yarn/lib/cli.js:141556:12)
      at Object.onceWrapper (node:events:513:28)
      at IncomingMessage.emit (node:events:406:35)
      at endReadableNT (node:internal/streams/readable:1329:12)
      at processTicksAndRejections (node:internal/process/task_queues:83:21)

npm manifest: 
  {
    "name": "wordle-vue",
    "version": "0.0.0",
    "scripts": {
      "dev": "vite",
      "build": "vue-tsc --noEmit && vite build",
      "serve": "vite preview"
    },
    "dependencies": {
      "axios": "^0.26.0",
      "vue": "^3.2.16"
    },
    "devDependencies": {
      "@vitejs/plugin-vue": "^1.9.3",
      "less": "^4.1.2",
      "typescript": "^4.4.3",
      "vite": "^2.6.4",
      "vue-tsc": "^0.3.0"
    }
  }

yarn manifest: 
  No manifest

Lockfile: 
  # THIS IS AN AUTOGENERATED FILE. DO NOT EDIT THIS FILE DIRECTLY.
  # yarn lockfile v1
  
  
  "@babel/helper-validator-identifier@^7.16.7":
    version "7.16.7"
    resolved "http://mvn.senses-ai.com:8081/repository/npm-group/@babel/helper-validator-identifier/-/helper-validator-identifier-7.16.7.tgz"
    integrity sha512-hsEnFemeiW4D08A5gUAZxLBTXpZ39P+a+DGDsHw1yxqyQ/jzFEnxf5uTEGp+3bzAbNOxU1paTgYS4ECU/IgfDw==
  
  "@babel/parser@^7.16.4", "@babel/parser@^7.6.0", "@babel/parser@^7.9.6":
    version "7.17.3"
    resolved "http://mvn.senses-ai.com:8081/repository/npm-group/@babel/parser/-/parser-7.17.3.tgz"
    integrity sha512-7yJPvPV+ESz2IUTPbOL+YkIGyCqOyNIzdguKQuJGnH7bg1WTIifuM21YqokFt/THWh1AkCRn9IgoykTRCBVpzA==
  
  "@babel/types@^7.6.1", "@babel/types@^7.9.6":
    version "7.17.0"
    resolved "http://mvn.senses-ai.com:8081/repository/npm-group/@babel/types/-/types-7.17.0.tgz"
    integrity sha512-TmKSNO4D5rzhL5bjWFcVHHLETzfQ/AmbKpKPOSjlP0WoHZ6L911fgoOKY4Alp/emzG4cHJdyN49zpgkbXFEHHw==
    dependencies:
      "@babel/helper-validator-identifier" "^7.16.7"
      to-fast-properties "^2.0.0"
  
  "@emmetio/abbreviation@^2.2.3":
    version "2.2.3"
    resolved "http://mvn.senses-ai.com:8081/repository/npm-group/@emmetio/abbreviation/-/abbreviation-2.2.3.tgz"
    integrity sha512-87pltuCPt99aL+y9xS6GPZ+Wmmyhll2WXH73gG/xpGcQ84DRnptBsI2r0BeIQ0EB/SQTOe2ANPqFqj3Rj5FOGA==
    dependencies:
      "@emmetio/scanner" "^1.0.0"
  
  "@emmetio/css-abbreviation@^2.1.4":
    version "2.1.4"
    resolved "http://mvn.senses-ai.com:8081/repository/npm-group/@emmetio/css-abbreviation/-/css-abbreviation-2.1.4.tgz"
    integrity sha512-qk9L60Y+uRtM5CPbB0y+QNl/1XKE09mSO+AhhSauIfr2YOx/ta3NJw2d8RtCFxgzHeRqFRr8jgyzThbu+MZ4Uw==
    dependencies:
      "@emmetio/scanner" "^1.0.0"
  
  "@emmetio/scanner@^1.0.0":
    version "1.0.0"
    resolved "http://mvn.senses-ai.com:8081/repository/npm-group/@emmetio/scanner/-/scanner-1.0.0.tgz"
    integrity sha512-8HqW8EVqjnCmWXVpqAOZf+EGESdkR27odcMMMGefgKXtar00SoYNSryGv//TELI4T3QFsECo78p+0lmalk/CFA==
  
  "@vitejs/plugin-vue@^1.9.3":
    version "1.10.2"
    resolved "http://mvn.senses-ai.com:8081/repository/npm-group/@vitejs/plugin-vue/-/plugin-vue-1.10.2.tgz"
    integrity sha512-/QJ0Z9qfhAFtKRY+r57ziY4BSbGUTGsPRMpB/Ron3QPwBZM4OZAZHdTa4a8PafCwU5DTatXG8TMDoP8z+oDqJw==
  
  "@volar/code-gen@^0.27.24":
    version "0.27.24"
    resolved "http://mvn.senses-ai.com:8081/repository/npm-group/@volar/code-gen/-/code-gen-0.27.24.tgz"
    integrity sha512-s4j/QqOZUW03PeD6LmVYI00Q1C3CfJEOePDOQwDvCTUov4lFk0iSBtFyYhjlLyQ1pdtV1+TDTErkj2aMQtc4PA==
    dependencies:
      "@volar/shared" "^0.27.24"
      "@volar/source-map" "^0.27.24"
  
  "@volar/html2pug@^0.27.13":
    version "0.27.13"
    resolved "http://mvn.senses-ai.com:8081/repository/npm-group/@volar/html2pug/-/html2pug-0.27.13.tgz"
    integrity sha512-3NYgNA5F3PDsKbbpOrVdGy2S7ZYmZIbFmbp1A/27DDzjj/uIC9Pj7HXVvbYOzi8HcOxUPt0BMrh4TVzBUaCFww==
    dependencies:
      domelementtype "^2.2.0"
      domhandler "^4.2.0"
      htmlparser2 "^6.1.0"
      pug "^3.0.2"
  
  "@volar/shared@^0.27.24":
    version "0.27.24"
    resolved "http://mvn.senses-ai.com:8081/repository/npm-group/@volar/shared/-/shared-0.27.24.tgz"
    integrity sha512-Mi8a4GQaiorfb+o4EqOXDZm9E/uBJXgScFgF+NhtcMBOUKHNMKQyLI7YRGumtyJTTdaX7nSDJjGGTkv23tcOtQ==
    dependencies:
      upath "^2.0.1"
      vscode-jsonrpc "^8.0.0-next.2"
      vscode-uri "^3.0.2"
  
  "@volar/source-map@^0.27.24":
    version "0.27.24"
    resolved "http://mvn.senses-ai.com:8081/repository/npm-group/@volar/source-map/-/source-map-0.27.24.tgz"
    integrity sha512-2I5a7cXqekZ66D6lHep7ttJgvVVtPEBUIe1hnpcGbnXWNA2ya6f6jKNNyTmrXQyfkh32IEuaUd4kocR+3AKMag==
    dependencies:
      "@volar/shared" "^0.27.24"
  
  "@volar/transforms@^0.27.24":
    version "0.27.24"
    resolved "http://mvn.senses-ai.com:8081/repository/npm-group/@volar/transforms/-/transforms-0.27.24.tgz"
    integrity sha512-sOHi1ZSapFlxn7yPl4MO5TXd9aWC0BVq2CgXAJ2EESb+ddh2uJbGQgLLNocX+MDh419cUuuFT2QAJpuWHhJcng==
    dependencies:
      "@volar/shared" "^0.27.24"
      vscode-languageserver "^8.0.0-next.2"
  
  "@vscode/emmet-helper@^2.7.0":
    version "2.8.4"
    resolved "http://mvn.senses-ai.com:8081/repository/npm-group/@vscode/emmet-helper/-/emmet-helper-2.8.4.tgz"
    integrity sha512-lUki5QLS47bz/U8IlG9VQ+1lfxMtxMZENmU5nu4Z71eOD5j9FK0SmYGL5NiVJg9WBWeAU0VxRADMY2Qpq7BfVg==
    dependencies:
      emmet "^2.3.0"
      jsonc-parser "^2.3.0"
      vscode-languageserver-textdocument "^1.0.1"
      vscode-languageserver-types "^3.15.1"
      vscode-nls "^5.0.0"
      vscode-uri "^2.1.2"
  
  "@vue/compiler-core@3.2.31":
    version "3.2.31"
    resolved "http://mvn.senses-ai.com:8081/repository/npm-group/@vue/compiler-core/-/compiler-core-3.2.31.tgz"
    integrity sha512-aKno00qoA4o+V/kR6i/pE+aP+esng5siNAVQ422TkBNM6qA4veXiZbSe8OTXHXquEi/f6Akc+nLfB4JGfe4/WQ==
    dependencies:
      "@babel/parser" "^7.16.4"
      "@vue/shared" "3.2.31"
      estree-walker "^2.0.2"
      source-map "^0.6.1"
  
  "@vue/compiler-dom@3.2.31", "@vue/compiler-dom@^3.2.19":
    version "3.2.31"
    resolved "http://mvn.senses-ai.com:8081/repository/npm-group/@vue/compiler-dom/-/compiler-dom-3.2.31.tgz"
    integrity sha512-60zIlFfzIDf3u91cqfqy9KhCKIJgPeqxgveH2L+87RcGU/alT6BRrk5JtUso0OibH3O7NXuNOQ0cDc9beT0wrg==
    dependencies:
      "@vue/compiler-core" "3.2.31"
      "@vue/shared" "3.2.31"
  
  "@vue/compiler-sfc@3.2.31":
    version "3.2.31"
    resolved "http://mvn.senses-ai.com:8081/repository/npm-group/@vue/compiler-sfc/-/compiler-sfc-3.2.31.tgz"
    integrity sha512-748adc9msSPGzXgibHiO6T7RWgfnDcVQD+VVwYgSsyyY8Ans64tALHZANrKtOzvkwznV/F4H7OAod/jIlp/dkQ==
    dependencies:
      "@babel/parser" "^7.16.4"
      "@vue/compiler-core" "3.2.31"
      "@vue/compiler-dom" "3.2.31"
      "@vue/compiler-ssr" "3.2.31"
      "@vue/reactivity-transform" "3.2.31"
      "@vue/shared" "3.2.31"
      estree-walker "^2.0.2"
      magic-string "^0.25.7"
      postcss "^8.1.10"
      source-map "^0.6.1"
  
  "@vue/compiler-ssr@3.2.31":
    version "3.2.31"
    resolved "http://mvn.senses-ai.com:8081/repository/npm-group/@vue/compiler-ssr/-/compiler-ssr-3.2.31.tgz"
    integrity sha512-mjN0rqig+A8TVDnsGPYJM5dpbjlXeHUm2oZHZwGyMYiGT/F4fhJf/cXy8QpjnLQK4Y9Et4GWzHn9PS8AHUnSkw==
    dependencies:
      "@vue/compiler-dom" "3.2.31"
      "@vue/shared" "3.2.31"
  
  "@vue/reactivity-transform@3.2.31":
    version "3.2.31"
    resolved "http://mvn.senses-ai.com:8081/repository/npm-group/@vue/reactivity-transform/-/reactivity-transform-3.2.31.tgz"
    integrity sha512-uS4l4z/W7wXdI+Va5pgVxBJ345wyGFKvpPYtdSgvfJfX/x2Ymm6ophQlXXB6acqGHtXuBqNyyO3zVp9b1r0MOA==
    dependencies:
      "@babel/parser" "^7.16.4"
      "@vue/compiler-core" "3.2.31"
      "@vue/shared" "3.2.31"
      estree-walker "^2.0.2"
      magic-string "^0.25.7"
  
  "@vue/reactivity@3.2.31", "@vue/reactivity@^3.2.19":
    version "3.2.31"
    resolved "http://mvn.senses-ai.com:8081/repository/npm-group/@vue/reactivity/-/reactivity-3.2.31.tgz"
    integrity sha512-HVr0l211gbhpEKYr2hYe7hRsV91uIVGFYNHj73njbARVGHQvIojkImKMaZNDdoDZOIkMsBc9a1sMqR+WZwfSCw==
    dependencies:
      "@vue/shared" "3.2.31"
  
  "@vue/runtime-core@3.2.31":
    version "3.2.31"
    resolved "http://mvn.senses-ai.com:8081/repository/npm-group/@vue/runtime-core/-/runtime-core-3.2.31.tgz"
    integrity sha512-Kcog5XmSY7VHFEMuk4+Gap8gUssYMZ2+w+cmGI6OpZWYOEIcbE0TPzzPHi+8XTzAgx1w/ZxDFcXhZeXN5eKWsA==
    dependencies:
      "@vue/reactivity" "3.2.31"
      "@vue/shared" "3.2.31"
  
  "@vue/runtime-dom@3.2.31":
    version "3.2.31"
    resolved "http://mvn.senses-ai.com:8081/repository/npm-group/@vue/runtime-dom/-/runtime-dom-3.2.31.tgz"
    integrity sha512-N+o0sICVLScUjfLG7u9u5XCjvmsexAiPt17GNnaWHJUfsKed5e85/A3SWgKxzlxx2SW/Hw7RQxzxbXez9PtY3g==
    dependencies:
      "@vue/runtime-core" "3.2.31"
      "@vue/shared" "3.2.31"
      csstype "^2.6.8"
  
  "@vue/server-renderer@3.2.31":
    version "3.2.31"
    resolved "http://mvn.senses-ai.com:8081/repository/npm-group/@vue/server-renderer/-/server-renderer-3.2.31.tgz"
    integrity sha512-8CN3Zj2HyR2LQQBHZ61HexF5NReqngLT3oahyiVRfSSvak+oAvVmu8iNLSu6XR77Ili2AOpnAt1y8ywjjqtmkg==
    dependencies:
      "@vue/compiler-ssr" "3.2.31"
      "@vue/shared" "3.2.31"
  
  "@vue/shared@3.2.31", "@vue/shared@^3.2.19":
    version "3.2.31"
    resolved "http://mvn.senses-ai.com:8081/repository/npm-group/@vue/shared/-/shared-3.2.31.tgz"
    integrity sha512-ymN2pj6zEjiKJZbrf98UM2pfDd6F2H7ksKw7NDt/ZZ1fh5Ei39X5tABugtT03ZRlWd9imccoK0hE8hpjpU7irQ==
  
  acorn@^7.1.1:
    version "7.4.1"
    resolved "http://mvn.senses-ai.com:8081/repository/npm-group/acorn/-/acorn-7.4.1.tgz"
    integrity sha1-/q7SVZc9LndVW4PbwIhRpsY1IPo=
  
  asap@~2.0.3:
    version "2.0.6"
    resolved "http://mvn.senses-ai.com:8081/repository/npm-group/asap/-/asap-2.0.6.tgz"
    integrity sha1-5QNHYR1+aQlDIIu9r+vLwvuGbUY=
  
  assert-never@^1.2.1:
    version "1.2.1"
    resolved "http://mvn.senses-ai.com:8081/repository/npm-group/assert-never/-/assert-never-1.2.1.tgz"
    integrity sha512-TaTivMB6pYI1kXwrFlEhLeGfOqoDNdTxjCdwRfFFkEA30Eu+k48W34nlok2EYWJfFFzqaEmichdNM7th6M5HNw==
  
  axios@^0.26.0:
    version "0.26.0"
    resolved "http://mvn.senses-ai.com:8081/repository/npm-group/axios/-/axios-0.26.0.tgz"
    integrity sha512-lKoGLMYtHvFrPVt3r+RBMp9nh34N0M8zEfCWqdWZx6phynIEhQqAdydpyBAAG211zlhX9Rgu08cOamy6XjE5Og==
    dependencies:
      follow-redirects "^1.14.8"
  
  babel-walk@3.0.0-canary-5:
    version "3.0.0-canary-5"
    resolved "http://mvn.senses-ai.com:8081/repository/npm-group/babel-walk/-/babel-walk-3.0.0-canary-5.tgz"
    integrity sha512-GAwkz0AihzY5bkwIY5QDR+LvsRQgB/B+1foMPvi0FZPMl5fjD7ICiznUiBdLYMH1QYe6vqu4gWYytZOccLouFw==
    dependencies:
      "@babel/types" "^7.9.6"
  
  call-bind@^1.0.2:
    version "1.0.2"
    resolved "http://mvn.senses-ai.com:8081/repository/npm-group/call-bind/-/call-bind-1.0.2.tgz"
    integrity sha1-sdTonmiBGcPJqQOtMKuy9qkZvjw=
    dependencies:
      function-bind "^1.1.1"
      get-intrinsic "^1.0.2"
  
  character-parser@^2.2.0:
    version "2.2.0"
    resolved "http://mvn.senses-ai.com:8081/repository/npm-group/character-parser/-/character-parser-2.2.0.tgz"
    integrity sha1-x84o821LzZdE5f/CxfzeHHMmH8A=
    dependencies:
      is-regex "^1.0.3"
  
  constantinople@^4.0.1:
    version "4.0.1"
    resolved "http://mvn.senses-ai.com:8081/repository/npm-group/constantinople/-/constantinople-4.0.1.tgz"
    integrity sha512-vCrqcSIq4//Gx74TXXCGnHpulY1dskqLTFGDmhrGxzeXL8lF8kvXv6mpNWlJj1uD4DW23D4ljAqbY4RRaaUZIw==
    dependencies:
      "@babel/parser" "^7.6.0"
      "@babel/types" "^7.6.1"
  
  copy-anything@^2.0.1:
    version "2.0.6"
    resolved "http://mvn.senses-ai.com:8081/repository/npm-group/copy-anything/-/copy-anything-2.0.6.tgz"
    integrity sha512-1j20GZTsvKNkc4BY3NpMOM8tt///wY3FpIzozTOFO2ffuZcV61nojHXVKIy3WM+7ADCy5FVhdZYHYDdgTU0yJw==
    dependencies:
      is-what "^3.14.1"
  
  csstype@^2.6.8:
    version "2.6.19"
    resolved "http://mvn.senses-ai.com:8081/repository/npm-group/csstype/-/csstype-2.6.19.tgz"
    integrity sha512-ZVxXaNy28/k3kJg0Fou5MiYpp88j7H9hLZp8PDC3jV0WFjfH5E9xHb56L0W59cPbKbcHXeP4qyT8PrHp8t6LcQ==
  
  debug@^3.2.6:
    version "3.2.7"
    resolved "http://mvn.senses-ai.com:8081/repository/npm-group/debug/-/debug-3.2.7.tgz"
    integrity sha1-clgLfpFF+zm2Z2+cXl+xALk0F5o=
    dependencies:
      ms "^2.1.1"
  
  doctypes@^1.1.0:
    version "1.1.0"
    resolved "http://mvn.senses-ai.com:8081/repository/npm-group/doctypes/-/doctypes-1.1.0.tgz"
    integrity sha1-6oCxBqh1OHdOijpKWv4pPeSJ4Kk=
  
  dom-serializer@^1.0.1:
    version "1.3.2"
    resolved "http://mvn.senses-ai.com:8081/repository/npm-group/dom-serializer/-/dom-serializer-1.3.2.tgz"
    integrity sha1-YgZDfTLO767HFhgDIwx6ILwbTZE=
    dependencies:
      domelementtype "^2.0.1"
      domhandler "^4.2.0"
      entities "^2.0.0"
  
  domelementtype@^2.0.1, domelementtype@^2.2.0:
    version "2.2.0"
    resolved "http://mvn.senses-ai.com:8081/repository/npm-group/domelementtype/-/domelementtype-2.2.0.tgz"
    integrity sha1-mgtsJ4LtahxzI9QiZxg9+b2LHVc=
  
  domhandler@^4.0.0, domhandler@^4.2.0:
    version "4.3.0"
    resolved "http://mvn.senses-ai.com:8081/repository/npm-group/domhandler/-/domhandler-4.3.0.tgz"
    integrity sha512-fC0aXNQXqKSFTr2wDNZDhsEYjCiYsDWl3D01kwt25hm1YIPyDGHvvi3rw+PLqHAl/m71MaiF7d5zvBr0p5UB2g==
    dependencies:
      domelementtype "^2.2.0"
  
  domutils@^2.5.2:
    version "2.8.0"
    resolved "http://mvn.senses-ai.com:8081/repository/npm-group/domutils/-/domutils-2.8.0.tgz"
    integrity sha1-RDfe9dtuLR9dbuhZvZXKfQIEgTU=
    dependencies:
      dom-serializer "^1.0.1"
      domelementtype "^2.2.0"
      domhandler "^4.2.0"
  
  emmet@^2.3.0:
    version "2.3.6"
    resolved "http://mvn.senses-ai.com:8081/repository/npm-group/emmet/-/emmet-2.3.6.tgz"
    integrity sha512-pLS4PBPDdxuUAmw7Me7+TcHbykTsBKN/S9XJbUOMFQrNv9MoshzyMFK/R57JBm94/6HSL4vHnDeEmxlC82NQ4A==
    dependencies:
      "@emmetio/abbreviation" "^2.2.3"
      "@emmetio/css-abbreviation" "^2.1.4"
  
  entities@^2.0.0:
    version "2.2.0"
    resolved "http://mvn.senses-ai.com:8081/repository/npm-group/entities/-/entities-2.2.0.tgz"
    integrity sha1-CY3JDruD2N/6CJ1VJWs1HTTE2lU=
  
  errno@^0.1.1:
    version "0.1.8"
    resolved "http://mvn.senses-ai.com:8081/repository/npm-group/errno/-/errno-0.1.8.tgz"
    integrity sha1-i7Ppx9Rjvkl2/4iPdrSAnrwugR8=
    dependencies:
      prr "~1.0.1"
  
  esbuild-android-arm64@0.14.22:
    version "0.14.22"
    resolved "http://mvn.senses-ai.com:8081/repository/npm-group/esbuild-android-arm64/-/esbuild-android-arm64-0.14.22.tgz#fb051169a63307d958aec85ad596cfc7d7770303"
    integrity sha512-k1Uu4uC4UOFgrnTj2zuj75EswFSEBK+H6lT70/DdS4mTAOfs2ECv2I9ZYvr3w0WL0T4YItzJdK7fPNxcPw6YmQ==
  
  esbuild-darwin-64@0.14.22:
    version "0.14.22"
    resolved "http://mvn.senses-ai.com:8081/repository/npm-group/esbuild-darwin-64/-/esbuild-darwin-64-0.14.22.tgz"
    integrity sha512-d8Ceuo6Vw6HM3fW218FB6jTY6O3r2WNcTAU0SGsBkXZ3k8SDoRLd3Nrc//EqzdgYnzDNMNtrWegK2Qsss4THhw==
  
  esbuild-darwin-arm64@0.14.22:
    version "0.14.22"
    resolved "http://mvn.senses-ai.com:8081/repository/npm-group/esbuild-darwin-arm64/-/esbuild-darwin-arm64-0.14.22.tgz#82054dcfcecb15ccfd237093b8008e7745a99ad9"
    integrity sha512-YAt9Tj3SkIUkswuzHxkaNlT9+sg0xvzDvE75LlBo4DI++ogSgSmKNR6B4eUhU5EUUepVXcXdRIdqMq9ppeRqfw==
  
  esbuild-freebsd-64@0.14.22:
    version "0.14.22"
    resolved "http://mvn.senses-ai.com:8081/repository/npm-group/esbuild-freebsd-64/-/esbuild-freebsd-64-0.14.22.tgz#778a818c5b078d5cdd6bb6c0e0797217d196999b"
    integrity sha512-ek1HUv7fkXMy87Qm2G4IRohN+Qux4IcnrDBPZGXNN33KAL0pEJJzdTv0hB/42+DCYWylSrSKxk3KUXfqXOoH4A==
  
  esbuild-freebsd-arm64@0.14.22:
    version "0.14.22"
    resolved "http://mvn.senses-ai.com:8081/repository/npm-group/esbuild-freebsd-arm64/-/esbuild-freebsd-arm64-0.14.22.tgz#18da93b9f3db2e036f72383bfe73b28b73bb332c"
    integrity sha512-zPh9SzjRvr9FwsouNYTqgqFlsMIW07O8mNXulGeQx6O5ApgGUBZBgtzSlBQXkHi18WjrosYfsvp5nzOKiWzkjQ==
  
  esbuild-linux-32@0.14.22:
    version "0.14.22"
    resolved "http://mvn.senses-ai.com:8081/repository/npm-group/esbuild-linux-32/-/esbuild-linux-32-0.14.22.tgz#d0d5d9f5bb3536e17ac097e9512019c65b7c0234"
    integrity sha512-SnpveoE4nzjb9t2hqCIzzTWBM0RzcCINDMBB67H6OXIuDa4KqFqaIgmTchNA9pJKOVLVIKd5FYxNiJStli21qg==
  
  esbuild-linux-64@0.14.22:
    version "0.14.22"
    resolved "http://mvn.senses-ai.com:8081/repository/npm-group/esbuild-linux-64/-/esbuild-linux-64-0.14.22.tgz#2773d540971999ea7f38107ef92fca753f6a8c30"
    integrity sha512-Zcl9Wg7gKhOWWNqAjygyqzB+fJa19glgl2JG7GtuxHyL1uEnWlpSMytTLMqtfbmRykIHdab797IOZeKwk5g0zg==
  
  esbuild-linux-arm64@0.14.22:
    version "0.14.22"
    resolved "http://mvn.senses-ai.com:8081/repository/npm-group/esbuild-linux-arm64/-/esbuild-linux-arm64-0.14.22.tgz#5d4480ce6d6bffab1dd76a23158f5a5ab33e7ba4"
    integrity sha512-8q/FRBJtV5IHnQChO3LHh/Jf7KLrxJ/RCTGdBvlVZhBde+dk3/qS9fFsUy+rs3dEi49aAsyVitTwlKw1SUFm+A==
  
  esbuild-linux-arm@0.14.22:
    version "0.14.22"
    resolved "http://mvn.senses-ai.com:8081/repository/npm-group/esbuild-linux-arm/-/esbuild-linux-arm-0.14.22.tgz#c6391b3f7c8fa6d3b99a7e893ce0f45f3a921eef"
    integrity sha512-soPDdbpt/C0XvOOK45p4EFt8HbH5g+0uHs5nUKjHVExfgR7du734kEkXR/mE5zmjrlymk5AA79I0VIvj90WZ4g==
  
  esbuild-linux-mips64le@0.14.22:
    version "0.14.22"
    resolved "http://mvn.senses-ai.com:8081/repository/npm-group/esbuild-linux-mips64le/-/esbuild-linux-mips64le-0.14.22.tgz#2c8dabac355c502e86c38f9f292b3517d8e181f3"
    integrity sha512-SiNDfuRXhGh1JQLLA9JPprBgPVFOsGuQ0yDfSPTNxztmVJd8W2mX++c4FfLpAwxuJe183mLuKf7qKCHQs5ZnBQ==
  
  esbuild-linux-ppc64le@0.14.22:
    version "0.14.22"
    resolved "http://mvn.senses-ai.com:8081/repository/npm-group/esbuild-linux-ppc64le/-/esbuild-linux-ppc64le-0.14.22.tgz#69d71b2820d5c94306072dac6094bae38e77d1c0"
    integrity sha512-6t/GI9I+3o1EFm2AyN9+TsjdgWCpg2nwniEhjm2qJWtJyJ5VzTXGUU3alCO3evopu8G0hN2Bu1Jhz2YmZD0kng==
  
  esbuild-linux-riscv64@0.14.22:
    version "0.14.22"
    resolved "http://mvn.senses-ai.com:8081/repository/npm-group/esbuild-linux-riscv64/-/esbuild-linux-riscv64-0.14.22.tgz#c0ec0fc3a23624deebf657781550d2329cec4213"
    integrity sha512-AyJHipZKe88sc+tp5layovquw5cvz45QXw5SaDgAq2M911wLHiCvDtf/07oDx8eweCyzYzG5Y39Ih568amMTCQ==
  
  esbuild-linux-s390x@0.14.22:
    version "0.14.22"
    resolved "http://mvn.senses-ai.com:8081/repository/npm-group/esbuild-linux-s390x/-/esbuild-linux-s390x-0.14.22.tgz#ec2af4572d63336cfb27f5a5c851fb1b6617dd91"
    integrity sha512-Sz1NjZewTIXSblQDZWEFZYjOK6p8tV6hrshYdXZ0NHTjWE+lwxpOpWeElUGtEmiPcMT71FiuA9ODplqzzSxkzw==
  
  esbuild-netbsd-64@0.14.22:
    version "0.14.22"
    resolved "http://mvn.senses-ai.com:8081/repository/npm-group/esbuild-netbsd-64/-/esbuild-netbsd-64-0.14.22.tgz#0e283278e9fdbaa7f0930f93ee113d7759cd865e"
    integrity sha512-TBbCtx+k32xydImsHxvFgsOCuFqCTGIxhzRNbgSL1Z2CKhzxwT92kQMhxort9N/fZM2CkRCPPs5wzQSamtzEHA==
  
  esbuild-openbsd-64@0.14.22:
    version "0.14.22"
    resolved "http://mvn.senses-ai.com:8081/repository/npm-group/esbuild-openbsd-64/-/esbuild-openbsd-64-0.14.22.tgz#2a73bba04e16d8ef278fbe2be85248e12a2f2cc2"
    integrity sha512-vK912As725haT313ANZZZN+0EysEEQXWC/+YE4rQvOQzLuxAQc2tjbzlAFREx3C8+uMuZj/q7E5gyVB7TzpcTA==
  
  esbuild-sunos-64@0.14.22:
    version "0.14.22"
    resolved "http://mvn.senses-ai.com:8081/repository/npm-group/esbuild-sunos-64/-/esbuild-sunos-64-0.14.22.tgz#8fe03513b8b2e682a6d79d5e3ca5849651a3c1d8"
    integrity sha512-/mbJdXTW7MTcsPhtfDsDyPEOju9EOABvCjeUU2OJ7fWpX/Em/H3WYDa86tzLUbcVg++BScQDzqV/7RYw5XNY0g==
  
  esbuild-windows-32@0.14.22:
    version "0.14.22"
    resolved "http://mvn.senses-ai.com:8081/repository/npm-group/esbuild-windows-32/-/esbuild-windows-32-0.14.22.tgz#a75df61e3e49df292a1842be8e877a3153ee644f"
    integrity sha512-1vRIkuvPTjeSVK3diVrnMLSbkuE36jxA+8zGLUOrT4bb7E/JZvDRhvtbWXWaveUc/7LbhaNFhHNvfPuSw2QOQg==
  
  esbuild-windows-64@0.14.22:
    version "0.14.22"
    resolved "http://mvn.senses-ai.com:8081/repository/npm-group/esbuild-windows-64/-/esbuild-windows-64-0.14.22.tgz#d06cf8bbe4945b8bf95a730d871e54a22f635941"
    integrity sha512-AxjIDcOmx17vr31C5hp20HIwz1MymtMjKqX4qL6whPj0dT9lwxPexmLj6G1CpR3vFhui6m75EnBEe4QL82SYqw==
  
  esbuild-windows-arm64@0.14.22:
    version "0.14.22"
    resolved "http://mvn.senses-ai.com:8081/repository/npm-group/esbuild-windows-arm64/-/esbuild-windows-arm64-0.14.22.tgz#f8b1b05c548073be8413a5ecb12d7c2f6e717227"
    integrity sha512-5wvQ+39tHmRhNpu2Fx04l7QfeK3mQ9tKzDqqGR8n/4WUxsFxnVLfDRBGirIfk4AfWlxk60kqirlODPoT5LqMUg==
  
  esbuild@^0.14.14:
    version "0.14.22"
    resolved "http://mvn.senses-ai.com:8081/repository/npm-group/esbuild/-/esbuild-0.14.22.tgz"
    integrity sha512-CjFCFGgYtbFOPrwZNJf7wsuzesx8kqwAffOlbYcFDLFuUtP8xloK1GH+Ai13Qr0RZQf9tE7LMTHJ2iVGJ1SKZA==
    optionalDependencies:
      esbuild-android-arm64 "0.14.22"
      esbuild-darwin-64 "0.14.22"
      esbuild-darwin-arm64 "0.14.22"
      esbuild-freebsd-64 "0.14.22"
      esbuild-freebsd-arm64 "0.14.22"
      esbuild-linux-32 "0.14.22"
      esbuild-linux-64 "0.14.22"
      esbuild-linux-arm "0.14.22"
      esbuild-linux-arm64 "0.14.22"
      esbuild-linux-mips64le "0.14.22"
      esbuild-linux-ppc64le "0.14.22"
      esbuild-linux-riscv64 "0.14.22"
      esbuild-linux-s390x "0.14.22"
      esbuild-netbsd-64 "0.14.22"
      esbuild-openbsd-64 "0.14.22"
      esbuild-sunos-64 "0.14.22"
      esbuild-windows-32 "0.14.22"
      esbuild-windows-64 "0.14.22"
      esbuild-windows-arm64 "0.14.22"
  
  estree-walker@^2.0.2:
    version "2.0.2"
    resolved "http://mvn.senses-ai.com:8081/repository/npm-group/estree-walker/-/estree-walker-2.0.2.tgz"
    integrity sha512-Rfkk/Mp/DL7JVje3u18FxFujQlTNR2q6QfMSMB7AvCBx91NGj/ba3kCfza0f6dVDbw7YlRf/nDrn7pQrCCyQ/w==
  
  follow-redirects@^1.14.8:
    version "1.14.8"
    resolved "http://mvn.senses-ai.com:8081/repository/npm-group/follow-redirects/-/follow-redirects-1.14.8.tgz"
    integrity sha512-1x0S9UVJHsQprFcEC/qnNzBLcIxsjAV905f/UkQxbclCsoTWlacCNOpQa/anodLl2uaEKFhfWOvM2Qg77+15zA==
  
  fsevents@~2.3.2:
    version "2.3.2"
    resolved "http://mvn.senses-ai.com:8081/repository/npm-group/fsevents/-/fsevents-2.3.2.tgz"
    integrity sha1-ilJveLj99GI7cJ4Ll1xSwkwC/Ro=
  
  function-bind@^1.1.1:
    version "1.1.1"
    resolved "http://mvn.senses-ai.com:8081/repository/npm-group/function-bind/-/function-bind-1.1.1.tgz"
    integrity sha1-pWiZ0+o8m6uHS7l3O3xe3pL0iV0=
  
  get-intrinsic@^1.0.2:
    version "1.1.1"
    resolved "http://mvn.senses-ai.com:8081/repository/npm-group/get-intrinsic/-/get-intrinsic-1.1.1.tgz"
    integrity sha1-FfWfN2+FXERpY5SPDSTNNje0q8Y=
    dependencies:
      function-bind "^1.1.1"
      has "^1.0.3"
      has-symbols "^1.0.1"
  
  graceful-fs@^4.1.2:
    version "4.2.9"
    resolved "http://mvn.senses-ai.com:8081/repository/npm-group/graceful-fs/-/graceful-fs-4.2.9.tgz"
    integrity sha512-NtNxqUcXgpW2iMrfqSfR73Glt39K+BLwWsPs94yR63v45T0Wbej7eRmL5cWfwEgqXnmjQp3zaJTshdRW/qC2ZQ==
  
  has-symbols@^1.0.1, has-symbols@^1.0.2:
    version "1.0.2"
    resolved "http://mvn.senses-ai.com:8081/repository/npm-group/has-symbols/-/has-symbols-1.0.2.tgz"
    integrity sha1-Fl0wcMADCXUqEjakeTMeOsVvFCM=
  
  has-tostringtag@^1.0.0:
    version "1.0.0"
    resolved "http://mvn.senses-ai.com:8081/repository/npm-group/has-tostringtag/-/has-tostringtag-1.0.0.tgz"
    integrity sha1-fhM4GKfTlHNPlB5zw9P5KR5liyU=
    dependencies:
      has-symbols "^1.0.2"
  
  has@^1.0.3:
    version "1.0.3"
    resolved "http://mvn.senses-ai.com:8081/repository/npm-group/has/-/has-1.0.3.tgz"
    integrity sha1-ci18v8H2qoJB8W3YFOAR4fQeh5Y=
    dependencies:
      function-bind "^1.1.1"
  
  htmlparser2@^6.1.0:
    version "6.1.0"
    resolved "http://mvn.senses-ai.com:8081/repository/npm-group/htmlparser2/-/htmlparser2-6.1.0.tgz"
    integrity sha1-xNditsM3GgXb5l6UrkOp+EX7j7c=
    dependencies:
      domelementtype "^2.0.1"
      domhandler "^4.0.0"
      domutils "^2.5.2"
      entities "^2.0.0"
  
  iconv-lite@^0.4.4:
    version "0.4.24"
    resolved "http://mvn.senses-ai.com:8081/repository/npm-group/iconv-lite/-/iconv-lite-0.4.24.tgz"
    integrity sha1-ICK0sl+93CHS9SSXSkdKr+czkIs=
    dependencies:
      safer-buffer ">= 2.1.2 < 3"
  
  image-size@~0.5.0:
    version "0.5.5"
    resolved "http://mvn.senses-ai.com:8081/repository/npm-group/image-size/-/image-size-0.5.5.tgz"
    integrity sha1-Cd/Uq50g4p6xw+gLiZA3jfnjy5w=
  
  is-core-module@^2.8.1:
    version "2.8.1"
    resolved "http://mvn.senses-ai.com:8081/repository/npm-group/is-core-module/-/is-core-module-2.8.1.tgz"
    integrity sha512-SdNCUs284hr40hFTFP6l0IfZ/RSrMXF3qgoRHd3/79unUTvrFO/JoXwkGm+5J/Oe3E/b5GsnG330uUNgRpu1PA==
    dependencies:
      has "^1.0.3"
  
  is-expression@^4.0.0:
    version "4.0.0"
    resolved "http://mvn.senses-ai.com:8081/repository/npm-group/is-expression/-/is-expression-4.0.0.tgz"
    integrity sha512-zMIXX63sxzG3XrkHkrAPvm/OVZVSCPNkwMHU8oTX7/U3AL78I0QXCEICXUM13BIa8TYGZ68PiTKfQz3yaTNr4A==
    dependencies:
      acorn "^7.1.1"
      object-assign "^4.1.1"
  
  is-promise@^2.0.0:
    version "2.2.2"
    resolved "http://mvn.senses-ai.com:8081/repository/npm-group/is-promise/-/is-promise-2.2.2.tgz"
    integrity sha512-+lP4/6lKUBfQjZ2pdxThZvLUAafmZb8OAxFb8XXtiQmS35INgr85hdOGoEs124ez1FCnZJt6jau/T+alh58QFQ==
  
  is-regex@^1.0.3:
    version "1.1.4"
    resolved "http://mvn.senses-ai.com:8081/repository/npm-group/is-regex/-/is-regex-1.1.4.tgz"
    integrity sha1-7vVmPNWfpMCuM5UFMj32hUuxWVg=
    dependencies:
      call-bind "^1.0.2"
      has-tostringtag "^1.0.0"
  
  is-what@^3.14.1:
    version "3.14.1"
    resolved "http://mvn.senses-ai.com:8081/repository/npm-group/is-what/-/is-what-3.14.1.tgz"
    integrity sha1-4SIvRt3ahd6tD9HJ3xMXYOd3VcE=
  
  js-stringify@^1.0.2:
    version "1.0.2"
    resolved "http://mvn.senses-ai.com:8081/repository/npm-group/js-stringify/-/js-stringify-1.0.2.tgz"
    integrity sha1-Fzb939lyTyijaCrcYjCufk6Weds=
  
  jsonc-parser@^2.3.0:
    version "2.3.1"
    resolved "http://mvn.senses-ai.com:8081/repository/npm-group/jsonc-parser/-/jsonc-parser-2.3.1.tgz"
    integrity sha512-H8jvkz1O50L3dMZCsLqiuB2tA7muqbSg1AtGEkN0leAqGjsUzDJir3Zwr02BhqdcITPg3ei3mZ+HjMocAknhhg==
  
  jsonc-parser@^3.0.0:
    version "3.0.0"
    resolved "http://mvn.senses-ai.com:8081/repository/npm-group/jsonc-parser/-/jsonc-parser-3.0.0.tgz"
    integrity sha512-fQzRfAbIBnR0IQvftw9FJveWiHp72Fg20giDrHz6TdfB12UH/uue0D3hm57UB5KgAVuniLMCaS8P1IMj9NR7cA==
  
  jstransformer@1.0.0:
    version "1.0.0"
    resolved "http://mvn.senses-ai.com:8081/repository/npm-group/jstransformer/-/jstransformer-1.0.0.tgz"
    integrity sha1-7Yvwkh4vPx7U1cGkT2hwntJHIsM=
    dependencies:
      is-promise "^2.0.0"
      promise "^7.0.1"
  
  less@^4.1.2:
    version "4.1.2"
    resolved "http://mvn.senses-ai.com:8081/repository/npm-group/less/-/less-4.1.2.tgz"
    integrity sha512-EoQp/Et7OSOVu0aJknJOtlXZsnr8XE8KwuzTHOLeVSEx8pVWUICc8Q0VYRHgzyjX78nMEyC/oztWFbgyhtNfDA==
    dependencies:
      copy-anything "^2.0.1"
      parse-node-version "^1.0.1"
      tslib "^2.3.0"
    optionalDependencies:
      errno "^0.1.1"
      graceful-fs "^4.1.2"
      image-size "~0.5.0"
      make-dir "^2.1.0"
      mime "^1.4.1"
      needle "^2.5.2"
      source-map "~0.6.0"
  
  lru-cache@^6.0.0:
    version "6.0.0"
    resolved "http://mvn.senses-ai.com:8081/repository/npm-group/lru-cache/-/lru-cache-6.0.0.tgz"
    integrity sha1-bW/mVw69lqr5D8rR2vo7JWbbOpQ=
    dependencies:
      yallist "^4.0.0"
  
  magic-string@^0.25.7:
    version "0.25.7"
    resolved "http://mvn.senses-ai.com:8081/repository/npm-group/magic-string/-/magic-string-0.25.7.tgz"
    integrity sha512-4CrMT5DOHTDk4HYDlzmwu4FVCcIYI8gauveasrdCu2IKIFOJ3f0v/8MDGJCDL9oD2ppz/Av1b0Nj345H9M+XIA==
    dependencies:
      sourcemap-codec "^1.4.4"
  
  make-dir@^2.1.0:
    version "2.1.0"
    resolved "http://mvn.senses-ai.com:8081/repository/npm-group/make-dir/-/make-dir-2.1.0.tgz"
    integrity sha1-XwMQ4YuL6JjMBwCSlaMK5B6R5vU=
    dependencies:
      pify "^4.0.1"
      semver "^5.6.0"
  
  mime@^1.4.1:
    version "1.6.0"
    resolved "http://mvn.senses-ai.com:8081/repository/npm-group/mime/-/mime-1.6.0.tgz"
    integrity sha1-Ms2eXGRVO9WNGaVor0Uqz/BJgbE=
  
  ms@^2.1.1:
    version "2.1.3"
    resolved "http://mvn.senses-ai.com:8081/repository/npm-group/ms/-/ms-2.1.3.tgz"
    integrity sha1-V0yBOM4dK1hh8LRFedut1gxmFbI=
  
  nanoid@^3.2.0:
    version "3.3.1"
    resolved "http://mvn.senses-ai.com:8081/repository/npm-group/nanoid/-/nanoid-3.3.1.tgz"
    integrity sha512-n6Vs/3KGyxPQd6uO0eH4Bv0ojGSUvuLlIHtC3Y0kEO23YRge8H9x1GCzLn28YX0H66pMkxuaeESFq4tKISKwdw==
  
  needle@^2.5.2:
    version "2.9.1"
    resolved "http://mvn.senses-ai.com:8081/repository/npm-group/needle/-/needle-2.9.1.tgz"
    integrity sha512-6R9fqJ5Zcmf+uYaFgdIHmLwNldn5HbK8L5ybn7Uz+ylX/rnOsSp1AHcvQSrCaFN+qNM1wpymHqD7mVasEOlHGQ==
    dependencies:
      debug "^3.2.6"
      iconv-lite "^0.4.4"
      sax "^1.2.4"
  
  object-assign@^4.1.1:
    version "4.1.1"
    resolved "http://mvn.senses-ai.com:8081/repository/npm-group/object-assign/-/object-assign-4.1.1.tgz"
    integrity sha1-IQmtx5ZYh8/AXLvUQsrIv7s2CGM=
  
  parse-node-version@^1.0.1:
    version "1.0.1"
    resolved "http://mvn.senses-ai.com:8081/repository/npm-group/parse-node-version/-/parse-node-version-1.0.1.tgz"
    integrity sha512-3YHlOa/JgH6Mnpr05jP9eDG254US9ek25LyIxZlDItp2iJtwyaXQb57lBYLdT3MowkUFYEV2XXNAYIPlESvJlA==
  
  path-parse@^1.0.7:
    version "1.0.7"
    resolved "http://mvn.senses-ai.com:8081/repository/npm-group/path-parse/-/path-parse-1.0.7.tgz"
    integrity sha1-+8EUtgykKzDZ2vWFjkvWi77bZzU=
  
  picocolors@^1.0.0:
    version "1.0.0"
    resolved "http://mvn.senses-ai.com:8081/repository/npm-group/picocolors/-/picocolors-1.0.0.tgz"
    integrity sha512-1fygroTLlHu66zi26VoTDv8yRgm0Fccecssto+MhsZ0D/DGW2sm8E8AjW7NU5VVTRt5GxbeZ5qBuJr+HyLYkjQ==
  
  pify@^4.0.1:
    version "4.0.1"
    resolved "http://mvn.senses-ai.com:8081/repository/npm-group/pify/-/pify-4.0.1.tgz"
    integrity sha1-SyzSXFDVmHNcUCkiJP2MbfQeMjE=
  
  postcss@^8.1.10, postcss@^8.4.6:
    version "8.4.6"
    resolved "http://mvn.senses-ai.com:8081/repository/npm-group/postcss/-/postcss-8.4.6.tgz"
    integrity sha512-OovjwIzs9Te46vlEx7+uXB0PLijpwjXGKXjVGGPIGubGpq7uh5Xgf6D6FiJ/SzJMBosHDp6a2hiXOS97iBXcaA==
    dependencies:
      nanoid "^3.2.0"
      picocolors "^1.0.0"
      source-map-js "^1.0.2"
  
  promise@^7.0.1:
    version "7.3.1"
    resolved "http://mvn.senses-ai.com:8081/repository/npm-group/promise/-/promise-7.3.1.tgz"
    integrity sha512-nolQXZ/4L+bP/UGlkfaIujX9BKxGwmQ9OT4mOt5yvy8iK1h3wqTEJCijzGANTCCl9nWjY41juyAn2K3Q1hLLTg==
    dependencies:
      asap "~2.0.3"
  
  prr@~1.0.1:
    version "1.0.1"
    resolved "http://mvn.senses-ai.com:8081/repository/npm-group/prr/-/prr-1.0.1.tgz"
    integrity sha1-0/wRS6BplaRexok/SEzrHXj19HY=
  
  pug-attrs@^3.0.0:
    version "3.0.0"
    resolved "http://mvn.senses-ai.com:8081/repository/npm-group/pug-attrs/-/pug-attrs-3.0.0.tgz"
    integrity sha512-azINV9dUtzPMFQktvTXciNAfAuVh/L/JCl0vtPCwvOA21uZrC08K/UnmrL+SXGEVc1FwzjW62+xw5S/uaLj6cA==
    dependencies:
      constantinople "^4.0.1"
      js-stringify "^1.0.2"
      pug-runtime "^3.0.0"
  
  pug-code-gen@^3.0.2:
    version "3.0.2"
    resolved "http://mvn.senses-ai.com:8081/repository/npm-group/pug-code-gen/-/pug-code-gen-3.0.2.tgz"
    integrity sha512-nJMhW16MbiGRiyR4miDTQMRWDgKplnHyeLvioEJYbk1RsPI3FuA3saEP8uwnTb2nTJEKBU90NFVWJBk4OU5qyg==
    dependencies:
      constantinople "^4.0.1"
      doctypes "^1.1.0"
      js-stringify "^1.0.2"
      pug-attrs "^3.0.0"
      pug-error "^2.0.0"
      pug-runtime "^3.0.0"
      void-elements "^3.1.0"
      with "^7.0.0"
  
  pug-error@^2.0.0:
    version "2.0.0"
    resolved "http://mvn.senses-ai.com:8081/repository/npm-group/pug-error/-/pug-error-2.0.0.tgz"
    integrity sha512-sjiUsi9M4RAGHktC1drQfCr5C5eriu24Lfbt4s+7SykztEOwVZtbFk1RRq0tzLxcMxMYTBR+zMQaG07J/btayQ==
  
  pug-filters@^4.0.0:
    version "4.0.0"
    resolved "http://mvn.senses-ai.com:8081/repository/npm-group/pug-filters/-/pug-filters-4.0.0.tgz"
    integrity sha512-yeNFtq5Yxmfz0f9z2rMXGw/8/4i1cCFecw/Q7+D0V2DdtII5UvqE12VaZ2AY7ri6o5RNXiweGH79OCq+2RQU4A==
    dependencies:
      constantinople "^4.0.1"
      jstransformer "1.0.0"
      pug-error "^2.0.0"
      pug-walk "^2.0.0"
      resolve "^1.15.1"
  
  pug-lexer@^5.0.1:
    version "5.0.1"
    resolved "http://mvn.senses-ai.com:8081/repository/npm-group/pug-lexer/-/pug-lexer-5.0.1.tgz"
    integrity sha512-0I6C62+keXlZPZkOJeVam9aBLVP2EnbeDw3An+k0/QlqdwH6rv8284nko14Na7c0TtqtogfWXcRoFE4O4Ff20w==
    dependencies:
      character-parser "^2.2.0"
      is-expression "^4.0.0"
      pug-error "^2.0.0"
  
  pug-linker@^4.0.0:
    version "4.0.0"
    resolved "http://mvn.senses-ai.com:8081/repository/npm-group/pug-linker/-/pug-linker-4.0.0.tgz"
    integrity sha512-gjD1yzp0yxbQqnzBAdlhbgoJL5qIFJw78juN1NpTLt/mfPJ5VgC4BvkoD3G23qKzJtIIXBbcCt6FioLSFLOHdw==
    dependencies:
      pug-error "^2.0.0"
      pug-walk "^2.0.0"
  
  pug-load@^3.0.0:
    version "3.0.0"
    resolved "http://mvn.senses-ai.com:8081/repository/npm-group/pug-load/-/pug-load-3.0.0.tgz"
    integrity sha512-OCjTEnhLWZBvS4zni/WUMjH2YSUosnsmjGBB1An7CsKQarYSWQ0GCVyd4eQPMFJqZ8w9xgs01QdiZXKVjk92EQ==
    dependencies:
      object-assign "^4.1.1"
      pug-walk "^2.0.0"
  
  pug-parser@^6.0.0:
    version "6.0.0"
    resolved "http://mvn.senses-ai.com:8081/repository/npm-group/pug-parser/-/pug-parser-6.0.0.tgz"
    integrity sha512-ukiYM/9cH6Cml+AOl5kETtM9NR3WulyVP2y4HOU45DyMim1IeP/OOiyEWRr6qk5I5klpsBnbuHpwKmTx6WURnw==
    dependencies:
      pug-error "^2.0.0"
      token-stream "1.0.0"
  
  pug-runtime@^3.0.0, pug-runtime@^3.0.1:
    version "3.0.1"
    resolved "http://mvn.senses-ai.com:8081/repository/npm-group/pug-runtime/-/pug-runtime-3.0.1.tgz"
    integrity sha512-L50zbvrQ35TkpHwv0G6aLSuueDRwc/97XdY8kL3tOT0FmhgG7UypU3VztfV/LATAvmUfYi4wNxSajhSAeNN+Kg==
  
  pug-strip-comments@^2.0.0:
    version "2.0.0"
    resolved "http://mvn.senses-ai.com:8081/repository/npm-group/pug-strip-comments/-/pug-strip-comments-2.0.0.tgz"
    integrity sha512-zo8DsDpH7eTkPHCXFeAk1xZXJbyoTfdPlNR0bK7rpOMuhBYb0f5qUVCO1xlsitYd3w5FQTK7zpNVKb3rZoUrrQ==
    dependencies:
      pug-error "^2.0.0"
  
  pug-walk@^2.0.0:
    version "2.0.0"
    resolved "http://mvn.senses-ai.com:8081/repository/npm-group/pug-walk/-/pug-walk-2.0.0.tgz"
    integrity sha512-yYELe9Q5q9IQhuvqsZNwA5hfPkMJ8u92bQLIMcsMxf/VADjNtEYptU+inlufAFYcWdHlwNfZOEnOOQrZrcyJCQ==
  
  pug@^3.0.2:
    version "3.0.2"
    resolved "http://mvn.senses-ai.com:8081/repository/npm-group/pug/-/pug-3.0.2.tgz"
    integrity sha512-bp0I/hiK1D1vChHh6EfDxtndHji55XP/ZJKwsRqrz6lRia6ZC2OZbdAymlxdVFwd1L70ebrVJw4/eZ79skrIaw==
    dependencies:
      pug-code-gen "^3.0.2"
      pug-filters "^4.0.0"
      pug-lexer "^5.0.1"
      pug-linker "^4.0.0"
      pug-load "^3.0.0"
      pug-parser "^6.0.0"
      pug-runtime "^3.0.1"
      pug-strip-comments "^2.0.0"
  
  request-light@^0.5.4:
    version "0.5.7"
    resolved "http://mvn.senses-ai.com:8081/repository/npm-group/request-light/-/request-light-0.5.7.tgz"
    integrity sha512-i/wKzvcx7Er8tZnvqSxWuNO5ZGggu2UgZAqj/RyZ0si7lBTXL7kZiI/dWxzxnQjaY7s5HEy1qK21Do4Ncr6cVw==
  
  resolve@^1.15.1, resolve@^1.22.0:
    version "1.22.0"
    resolved "http://mvn.senses-ai.com:8081/repository/npm-group/resolve/-/resolve-1.22.0.tgz"
    integrity sha512-Hhtrw0nLeSrFQ7phPp4OOcVjLPIeMnRlr5mcnVuMe7M/7eBn98A3hmFRLoFo3DLZkivSYwhRUJTyPyWAk56WLw==
    dependencies:
      is-core-module "^2.8.1"
      path-parse "^1.0.7"
      supports-preserve-symlinks-flag "^1.0.0"
  
  rollup@^2.59.0:
    version "2.67.3"
    resolved "http://mvn.senses-ai.com:8081/repository/npm-group/rollup/-/rollup-2.67.3.tgz"
    integrity sha512-G/x1vUwbGtP6O5ZM8/sWr8+p7YfZhI18pPqMRtMYMWSbHjKZ/ajHGiM+GWNTlWyOR0EHIdT8LHU+Z4ciIZ1oBw==
    optionalDependencies:
      fsevents "~2.3.2"
  
  "safer-buffer@>= 2.1.2 < 3":
    version "2.1.2"
    resolved "http://mvn.senses-ai.com:8081/repository/npm-group/safer-buffer/-/safer-buffer-2.1.2.tgz"
    integrity sha1-RPoWGwGHuVSd2Eu5GAL5vYOFzWo=
  
  sax@^1.2.4:
    version "1.2.4"
    resolved "http://mvn.senses-ai.com:8081/repository/npm-group/sax/-/sax-1.2.4.tgz"
    integrity sha1-KBYjTiN4vdxOU1T6tcqold9xANk=
  
  semver@^5.6.0:
    version "5.7.1"
    resolved "http://mvn.senses-ai.com:8081/repository/npm-group/semver/-/semver-5.7.1.tgz"
    integrity sha1-qVT5Ma66UI0we78Gnv8MAclhFvc=
  
  semver@^7.3.5:
    version "7.3.5"
    resolved "http://mvn.senses-ai.com:8081/repository/npm-group/semver/-/semver-7.3.5.tgz"
    integrity sha1-C2Ich5NI2JmOSw5L6Us/EuYBjvc=
    dependencies:
      lru-cache "^6.0.0"
  
  source-map-js@^1.0.2:
    version "1.0.2"
    resolved "http://mvn.senses-ai.com:8081/repository/npm-group/source-map-js/-/source-map-js-1.0.2.tgz"
    integrity sha512-R0XvVJ9WusLiqTCEiGCmICCMplcCkIwwR11mOSD9CR5u+IXYdiseeEuXCVAjS54zqwkLcPNnmU4OeJ6tUrWhDw==
  
  source-map@^0.6.1, source-map@~0.6.0:
    version "0.6.1"
    resolved "http://mvn.senses-ai.com:8081/repository/npm-group/source-map/-/source-map-0.6.1.tgz"
    integrity sha1-dHIq8y6WFOnCh6jQu95IteLxomM=
  
  sourcemap-codec@^1.4.4:
    version "1.4.8"
    resolved "http://mvn.senses-ai.com:8081/repository/npm-group/sourcemap-codec/-/sourcemap-codec-1.4.8.tgz"
    integrity sha512-9NykojV5Uih4lgo5So5dtw+f0JgJX30KCNI8gwhz2J9A15wD0Ml6tjHKwf6fTSa6fAdVBdZeNOs9eJ71qCk8vA==
  
  supports-preserve-symlinks-flag@^1.0.0:
    version "1.0.0"
    resolved "http://mvn.senses-ai.com:8081/repository/npm-group/supports-preserve-symlinks-flag/-/supports-preserve-symlinks-flag-1.0.0.tgz"
    integrity sha512-ot0WnXS9fgdkgIcePe6RHNk1WA8+muPa6cSjeR3V8K27q9BB1rTE3R1p7Hv0z1ZyAc8s6Vvv8DIyWf681MAt0w==
  
  to-fast-properties@^2.0.0:
    version "2.0.0"
    resolved "http://mvn.senses-ai.com:8081/repository/npm-group/to-fast-properties/-/to-fast-properties-2.0.0.tgz"
    integrity sha1-3F5pjL0HkmW8c+A3doGk5Og/YW4=
  
  token-stream@1.0.0:
    version "1.0.0"
    resolved "http://mvn.senses-ai.com:8081/repository/npm-group/token-stream/-/token-stream-1.0.0.tgz"
    integrity sha1-zCAOqyYT9BZtJ/+a/HylbUnfbrQ=
  
  tslib@^2.3.0:
    version "2.3.1"
    resolved "http://mvn.senses-ai.com:8081/repository/npm-group/tslib/-/tslib-2.3.1.tgz"
    integrity sha1-6KM1rdXOrlGqJh0ypJAVjvBC7wE=
  
  typescript@^4.4.3:
    version "4.5.5"
    resolved "http://mvn.senses-ai.com:8081/repository/npm-group/typescript/-/typescript-4.5.5.tgz"
    integrity sha512-TCTIul70LyWe6IJWT8QSYeA54WQe8EjQFU4wY52Fasj5UKx88LNYKCgBEHcOMOrFF1rKGbD8v/xcNWVUq9SymA==
  
  upath@^2.0.1:
    version "2.0.1"
    resolved "http://mvn.senses-ai.com:8081/repository/npm-group/upath/-/upath-2.0.1.tgz"
    integrity sha1-UMc96mjW9rmQ9R0nnOYIFmXWGos=
  
  vite@^2.6.4:
    version "2.8.4"
    resolved "http://mvn.senses-ai.com:8081/repository/npm-group/vite/-/vite-2.8.4.tgz"
    integrity sha512-GwtOkkaT2LDI82uWZKcrpRQxP5tymLnC7hVHHqNkhFNknYr0hJUlDLfhVRgngJvAy3RwypkDCWtTKn1BjO96Dw==
    dependencies:
      esbuild "^0.14.14"
      postcss "^8.4.6"
      resolve "^1.22.0"
      rollup "^2.59.0"
    optionalDependencies:
      fsevents "~2.3.2"
  
  void-elements@^3.1.0:
    version "3.1.0"
    resolved "http://mvn.senses-ai.com:8081/repository/npm-group/void-elements/-/void-elements-3.1.0.tgz"
    integrity sha1-YU9/v42AHwu18GYfWy9XhXUOTwk=
  
  vscode-css-languageservice@^5.1.4:
    version "5.1.13"
    resolved "http://mvn.senses-ai.com:8081/repository/npm-group/vscode-css-languageservice/-/vscode-css-languageservice-5.1.13.tgz"
    integrity sha512-FA0foqMzMmEoO0WJP+MjoD4dRERhKS+Ag+yBrtmWQDmw2OuZ1R/5FkvI/XdTkCpHmTD9VMczugpHRejQyTXCNQ==
    dependencies:
      vscode-languageserver-textdocument "^1.0.1"
      vscode-languageserver-types "^3.16.0"
      vscode-nls "^5.0.0"
      vscode-uri "^3.0.2"
  
  vscode-html-languageservice@^4.0.7:
    version "4.2.1"
    resolved "http://mvn.senses-ai.com:8081/repository/npm-group/vscode-html-languageservice/-/vscode-html-languageservice-4.2.1.tgz"
    integrity sha512-PgaToZVXJ44nFWEBuSINdDgVV6EnpC3MnXBsysR3O5TKcAfywbYeRGRy+Y4dVR7YeUgDvtb+JkJoSkaYC0mxXQ==
    dependencies:
      vscode-languageserver-textdocument "^1.0.1"
      vscode-languageserver-types "^3.16.0"
      vscode-nls "^5.0.0"
      vscode-uri "^3.0.2"
  
  vscode-json-languageservice@^4.1.7:
    version "4.2.0"
    resolved "http://mvn.senses-ai.com:8081/repository/npm-group/vscode-json-languageservice/-/vscode-json-languageservice-4.2.0.tgz"
    integrity sha512-XNawv0Vdy/sUK0S+hGf7cq/qsVAbIniGJr89TvZOqMCNJmpgKTy1e8PL1aWW0uy6BfWMG7vxa5lZb3ypuFtuGQ==
    dependencies:
      jsonc-parser "^3.0.0"
      vscode-languageserver-textdocument "^1.0.3"
      vscode-languageserver-types "^3.16.0"
      vscode-nls "^5.0.0"
      vscode-uri "^3.0.3"
  
  vscode-jsonrpc@8.0.0-next.4:
    version "8.0.0-next.4"
    resolved "http://mvn.senses-ai.com:8081/repository/npm-group/vscode-jsonrpc/-/vscode-jsonrpc-8.0.0-next.4.tgz"
    integrity sha512-i+wvza5Wd0YV/t9qhnS8I+dJdhJ1fHIhRW4f262rXXM9Mgts5VZhYrRZufGcai4y99RlbZvwaZhplQ6diRXkaA==
  
  vscode-jsonrpc@^8.0.0-next.2:
    version "8.0.0-next.6"
    resolved "http://mvn.senses-ai.com:8081/repository/npm-group/vscode-jsonrpc/-/vscode-jsonrpc-8.0.0-next.6.tgz"
    integrity sha512-6Ld3RYjygn5Ih7CkAtcAwiDQC+rakj2O+PnASfNyYv3sLmm44eJpEKzuPUN30Iy2UB09AZg8T6LBKWTJTEJDVw==
  
  vscode-languageserver-protocol@3.17.0-next.11:
    version "3.17.0-next.11"
    resolved "http://mvn.senses-ai.com:8081/repository/npm-group/vscode-languageserver-protocol/-/vscode-languageserver-protocol-3.17.0-next.11.tgz"
    integrity sha512-9FqHT7XvM6tWFsnLvRfuQA7Zh7wZZYAwA9dK85lYthA8M1aXpXEP9drXVvO/Fe03MUeJpKVf2e4/NvDaFUnttg==
    dependencies:
      vscode-jsonrpc "8.0.0-next.4"
      vscode-languageserver-types "3.17.0-next.5"
  
  vscode-languageserver-textdocument@^1.0.1, vscode-languageserver-textdocument@^1.0.3:
    version "1.0.4"
    resolved "http://mvn.senses-ai.com:8081/repository/npm-group/vscode-languageserver-textdocument/-/vscode-languageserver-textdocument-1.0.4.tgz"
    integrity sha512-/xhqXP/2A2RSs+J8JNXpiiNVvvNM0oTosNVmQnunlKvq9o4mupHOBAnnzH0lwIPKazXKvAKsVp1kr+H/K4lgoQ==
  
  vscode-languageserver-types@3.17.0-next.5:
    version "3.17.0-next.5"
    resolved "http://mvn.senses-ai.com:8081/repository/npm-group/vscode-languageserver-types/-/vscode-languageserver-types-3.17.0-next.5.tgz"
    integrity sha512-Zcfaw8BznhlJWB09LDR0dscXyxn9+liREqJnPF4pigeUCHwKxYapYqizwuCpMHQ/oLYiAvKwU+f28hPleYu7pA==
  
  vscode-languageserver-types@^3.15.1, vscode-languageserver-types@^3.16.0:
    version "3.16.0"
    resolved "http://mvn.senses-ai.com:8081/repository/npm-group/vscode-languageserver-types/-/vscode-languageserver-types-3.16.0.tgz"
    integrity sha512-k8luDIWJWyenLc5ToFQQMaSrqCHiLwyKPHKPQZ5zz21vM+vIVUSvsRpcbiECH4WR88K2XZqc4ScRcZ7nk/jbeA==
  
  vscode-languageserver@^8.0.0-next.2:
    version "8.0.0-next.5"
    resolved "http://mvn.senses-ai.com:8081/repository/npm-group/vscode-languageserver/-/vscode-languageserver-8.0.0-next.5.tgz"
    integrity sha512-3E2W0eWtGKb6QAJqspOnD0thrBRRo8IGUMV5jpDNMcMKvmtkcxMwsBh0VxdvuWaZ51PiNyR4L+B+GUvkYsyFEg==
    dependencies:
      vscode-languageserver-protocol "3.17.0-next.11"
  
  vscode-nls@^5.0.0:
    version "5.0.0"
    resolved "http://mvn.senses-ai.com:8081/repository/npm-group/vscode-nls/-/vscode-nls-5.0.0.tgz"
    integrity sha512-u0Lw+IYlgbEJFF6/qAqG2d1jQmJl0eyAGJHoAJqr2HT4M2BNuQYSEiSE75f52pXHSJm8AlTjnLLbBFPrdz2hpA==
  
  vscode-pug-languageservice@^0.27.24:
    version "0.27.24"
    resolved "http://mvn.senses-ai.com:8081/repository/npm-group/vscode-pug-languageservice/-/vscode-pug-languageservice-0.27.24.tgz"
    integrity sha512-GSvsFB+rPhAD7cBlEKCVNNsFGIaOnp/0zyLw3WpYbXY24vJZafXu1kHvtYaaQXJRnIhqp5EI5p+EqpdI3hTBnw==
    dependencies:
      "@volar/code-gen" "^0.27.24"
      "@volar/shared" "^0.27.24"
      "@volar/source-map" "^0.27.24"
      "@volar/transforms" "^0.27.24"
      pug-lexer "^5.0.1"
      pug-parser "^6.0.0"
      vscode-languageserver "^8.0.0-next.2"
  
  vscode-typescript-languageservice@^0.27.25:
    version "0.27.25"
    resolved "http://mvn.senses-ai.com:8081/repository/npm-group/vscode-typescript-languageservice/-/vscode-typescript-languageservice-0.27.25.tgz"
    integrity sha512-nxpJI9MnF2rn5rKL/032Qrsq3T9DgM3slK5fwZp3suNdo90JG2zFTs3Ola8n62k7+KWu4A775obxyb4wLIW6Gw==
    dependencies:
      "@volar/shared" "^0.27.24"
      semver "^7.3.5"
      upath "^2.0.1"
      vscode-languageserver "^8.0.0-next.2"
      vscode-languageserver-textdocument "^1.0.1"
  
  vscode-uri@^2.1.2:
    version "2.1.2"
    resolved "http://mvn.senses-ai.com:8081/repository/npm-group/vscode-uri/-/vscode-uri-2.1.2.tgz"
    integrity sha512-8TEXQxlldWAuIODdukIb+TR5s+9Ds40eSJrw+1iDDA9IFORPjMELarNQE3myz5XIkWWpdprmJjm1/SxMlWOC8A==
  
  vscode-uri@^3.0.2, vscode-uri@^3.0.3:
    version "3.0.3"
    resolved "http://mvn.senses-ai.com:8081/repository/npm-group/vscode-uri/-/vscode-uri-3.0.3.tgz"
    integrity sha512-EcswR2S8bpR7fD0YPeS7r2xXExrScVMxg4MedACaWHEtx9ftCF/qHG1xGkolzTPcEmjTavCQgbVzHUIdTMzFGA==
  
  vscode-vue-languageservice@^0.27.0:
    version "0.27.30"
    resolved "http://mvn.senses-ai.com:8081/repository/npm-group/vscode-vue-languageservice/-/vscode-vue-languageservice-0.27.30.tgz"
    integrity sha512-nPnUNCMqqHfxcCPLyLWvmgbNCgos3SwvPcl/CzAnMbqcjLtNZppsdI7bKX3EEj0Jbg6SGLQ9NanIvZaMI1bsUA==
    dependencies:
      "@volar/code-gen" "^0.27.24"
      "@volar/html2pug" "^0.27.13"
      "@volar/shared" "^0.27.24"
      "@volar/source-map" "^0.27.24"
      "@volar/transforms" "^0.27.24"
      "@vscode/emmet-helper" "^2.7.0"
      "@vue/compiler-dom" "^3.2.19"
      "@vue/reactivity" "^3.2.19"
      "@vue/shared" "^3.2.19"
      request-light "^0.5.4"
      upath "^2.0.1"
      vscode-css-languageservice "^5.1.4"
      vscode-html-languageservice "^4.0.7"
      vscode-json-languageservice "^4.1.7"
      vscode-languageserver "^8.0.0-next.2"
      vscode-languageserver-textdocument "^1.0.1"
      vscode-pug-languageservice "^0.27.24"
      vscode-typescript-languageservice "^0.27.25"
  
  vue-tsc@^0.3.0:
    version "0.3.0"
    resolved "http://mvn.senses-ai.com:8081/repository/npm-group/vue-tsc/-/vue-tsc-0.3.0.tgz"
    integrity sha512-zaDRZBxwRIz1XjhNP92FqugG71st6BUMnA2EwPeXrAyzbEYVRz6TezNFceYl3QYqqN8CtaxbqUhaQEDj/ntoCA==
    dependencies:
      vscode-vue-languageservice "^0.27.0"
  
  vue@^3.2.16:
    version "3.2.31"
    resolved "http://mvn.senses-ai.com:8081/repository/npm-group/vue/-/vue-3.2.31.tgz"
    integrity sha512-odT3W2tcffTiQCy57nOT93INw1auq5lYLLYtWpPYQQYQOOdHiqFct9Xhna6GJ+pJQaF67yZABraH47oywkJgFw==
    dependencies:
      "@vue/compiler-dom" "3.2.31"
      "@vue/compiler-sfc" "3.2.31"
      "@vue/runtime-dom" "3.2.31"
      "@vue/server-renderer" "3.2.31"
      "@vue/shared" "3.2.31"
  
  with@^7.0.0:
    version "7.0.2"
    resolved "http://mvn.senses-ai.com:8081/repository/npm-group/with/-/with-7.0.2.tgz"
    integrity sha512-RNGKj82nUPg3g5ygxkQl0R937xLyho1J24ItRCBTr/m1YnZkzJy1hUiHUJrc/VlsDQzsCnInEGSg3bci0Lmd4w==
    dependencies:
      "@babel/parser" "^7.9.6"
      "@babel/types" "^7.9.6"
      assert-never "^1.2.1"
      babel-walk "3.0.0-canary-5"
  
  yallist@^4.0.0:
    version "4.0.0"
    resolved "http://mvn.senses-ai.com:8081/repository/npm-group/yallist/-/yallist-4.0.0.tgz"
    integrity sha1-m7knkNnA7/7GO+c1GeEaNQGaOnI=
